0 info it worked if it ends with ok
1 verbose cli [ 'node',
1 verbose cli   'C:\\Users\\tlarssen\\AppData\\Roaming\\npm\\node_modules\\npm\\bin\\npm-cli.js',
1 verbose cli   'i',
1 verbose cli   '--save',
1 verbose cli   'templatetizer' ]
2 info using npm@2.0.0
3 info using node@v0.10.32
4 warn package.json wolf-distraction@1.0.0 No repository field.
5 warn package.json wolf-distraction@1.0.0 No README data
6 verbose readDependencies using package.json deps
7 verbose cache add [ 'templatetizer', null ]
8 verbose cache add spec="templatetizer" args=["templatetizer",null]
9 verbose parsed spec { raw: 'templatetizer',
9 verbose parsed spec   scope: null,
9 verbose parsed spec   name: 'templatetizer',
9 verbose parsed spec   rawSpec: '',
9 verbose parsed spec   spec: '*',
9 verbose parsed spec   type: 'range' }
10 verbose parsed spec { raw: 'templatetizer',
10 verbose parsed spec   scope: null,
10 verbose parsed spec   name: 'templatetizer',
10 verbose parsed spec   rawSpec: '',
10 verbose parsed spec   spec: '*',
10 verbose parsed spec   type: 'range' }
11 verbose addNamed [ 'templatetizer', '*' ]
12 verbose addNamed [ null, '*' ]
13 silly lockFile ea07e507-templatetizer templatetizer@*
14 verbose lock templatetizer@* C:\Users\tlarssen\AppData\Roaming\npm-cache\ea07e507-templatetizer.lock
15 silly addNameRange { name: 'templatetizer', range: '*', hasData: false }
16 verbose mapToRegistry name templatetizer
17 verbose mapToRegistry uri https://registry.npmjs.org/templatetizer
18 verbose request on initialization, where is /templatetizer
19 verbose request after pass 1, where is /templatetizer
20 verbose request url raw /templatetizer
21 verbose request resolving registry [ 'https://registry.npmjs.org/', './templatetizer' ]
22 verbose request after pass 2, where is https://registry.npmjs.org/templatetizer
23 verbose request no auth needed
24 info attempt registry request try #1 at 14:00:06
25 verbose request id 2ce27f2cf1a861be
26 http request GET https://registry.npmjs.org/templatetizer
27 http 404 https://registry.npmjs.org/templatetizer
28 verbose headers { date: 'Wed, 01 Oct 2014 18:00:15 GMT',
28 verbose headers   server: 'CouchDB/1.5.0 (Erlang OTP/R16B03)',
28 verbose headers   'content-type': 'application/json',
28 verbose headers   'cache-control': 'max-age=0',
28 verbose headers   'content-length': '52',
28 verbose headers   'accept-ranges': 'bytes',
28 verbose headers   via: '1.1 varnish',
28 verbose headers   age: '0',
28 verbose headers   'x-served-by': 'cache-sjc3134-SJC',
28 verbose headers   'x-cache': 'MISS',
28 verbose headers   'x-cache-hits': '0',
28 verbose headers   'x-timer': 'S1412186415.871589,VS0,VE38',
28 verbose headers   'keep-alive': 'timeout=10, max=50',
28 verbose headers   connection: 'Keep-Alive' }
29 silly registry.get cb [ 404,
29 silly registry.get   { date: 'Wed, 01 Oct 2014 18:00:15 GMT',
29 silly registry.get     server: 'CouchDB/1.5.0 (Erlang OTP/R16B03)',
29 silly registry.get     'content-type': 'application/json',
29 silly registry.get     'cache-control': 'max-age=0',
29 silly registry.get     'content-length': '52',
29 silly registry.get     'accept-ranges': 'bytes',
29 silly registry.get     via: '1.1 varnish',
29 silly registry.get     age: '0',
29 silly registry.get     'x-served-by': 'cache-sjc3134-SJC',
29 silly registry.get     'x-cache': 'MISS',
29 silly registry.get     'x-cache-hits': '0',
29 silly registry.get     'x-timer': 'S1412186415.871589,VS0,VE38',
29 silly registry.get     'keep-alive': 'timeout=10, max=50',
29 silly registry.get     connection: 'Keep-Alive' } ]
30 silly lockFile ea07e507-templatetizer templatetizer@*
31 silly lockFile ea07e507-templatetizer templatetizer@*
32 verbose stack Error: 404 Not Found: templatetizer
32 verbose stack     at RegClient.<anonymous> (C:\Users\tlarssen\AppData\Roaming\npm\node_modules\npm\node_modules\npm-registry-client\lib\request.js:259:14)
32 verbose stack     at Request._callback (C:\Users\tlarssen\AppData\Roaming\npm\node_modules\npm\node_modules\npm-registry-client\lib\request.js:198:65)
32 verbose stack     at Request.self.callback (C:\Users\tlarssen\AppData\Roaming\npm\node_modules\npm\node_modules\request\request.js:236:22)
32 verbose stack     at Request.emit (events.js:98:17)
32 verbose stack     at Request.<anonymous> (C:\Users\tlarssen\AppData\Roaming\npm\node_modules\npm\node_modules\request\request.js:1142:14)
32 verbose stack     at Request.emit (events.js:117:20)
32 verbose stack     at IncomingMessage.<anonymous> (C:\Users\tlarssen\AppData\Roaming\npm\node_modules\npm\node_modules\request\request.js:1096:12)
32 verbose stack     at IncomingMessage.emit (events.js:117:20)
32 verbose stack     at _stream_readable.js:943:16
32 verbose stack     at process._tickCallback (node.js:419:13)
33 verbose statusCode 404
34 verbose pkgid templatetizer
35 verbose cwd C:\xampp\htdocs\class\wolf-distraction
36 error Windows_NT 6.2.9200
37 error argv "node" "C:\\Users\\tlarssen\\AppData\\Roaming\\npm\\node_modules\\npm\\bin\\npm-cli.js" "i" "--save" "templatetizer"
38 error node v0.10.32
39 error npm  v2.0.0
40 error code E404
41 error 404 Not Found: templatetizer
41 error 404
41 error 404 'templatetizer' is not in the npm registry.
41 error 404 You should bug the author to publish it (or use the name yourself!)
41 error 404 It was specified as a dependency of 'wolf-distraction'
41 error 404
41 error 404 Note that you can also install from a
41 error 404 tarball, folder, http url, or git url.
42 verbose exit [ 1, true ]
